2024-06-03 17:32:16.284 ERROR [chatter-remake,,] [JavaFX Application Thread] o.z.c.exception.handler.GlobalExceptionHandler Line:54  - 线程Thread[JavaFX Application Thread,5,main]出现非预期异常：
java.lang.NullPointerException: Cannot invoke "javafx.scene.Node.getScene()" because "<parameter1>" is null
	at javafx.graphics@22/javafx.scene.layout.Region.getSnapScaleX(Region.java:264)
	at javafx.graphics@22/javafx.scene.layout.Region.layoutInArea(Region.java:2534)
	at javafx.controls@22/javafx.scene.control.SkinBase.layoutInArea(SkinBase.java:965)
	at javafx.controls@22/javafx.scene.control.SkinBase.layoutInArea(SkinBase.java:850)
	at javafx.controls@22/javafx.scene.control.skin.TableViewSkinBase.layoutChildren(TableViewSkinBase.java:459)
	at javafx.controls@22/javafx.scene.control.Control.layoutChildren(Control.java:612)
	at javafx.graphics@22/javafx.scene.Parent.layout(Parent.java:1208)
	at javafx.graphics@22/javafx.scene.Parent.layout(Parent.java:1215)
	at javafx.graphics@22/javafx.scene.Parent.layout(Parent.java:1215)
	at javafx.graphics@22/javafx.scene.Parent.layout(Parent.java:1215)
	at javafx.graphics@22/javafx.scene.Scene.doLayoutPass(Scene.java:595)
	at javafx.graphics@22/javafx.scene.Scene$ScenePulseListener.pulse(Scene.java:2601)
	at javafx.graphics@22/com.sun.javafx.tk.Toolkit.lambda$runPulse$2(Toolkit.java:401)
	at java.base/java.security.AccessController.doPrivileged(AccessController.java:399)
	at javafx.graphics@22/com.sun.javafx.tk.Toolkit.runPulse(Toolkit.java:400)
	at javafx.graphics@22/com.sun.javafx.tk.Toolkit.firePulse(Toolkit.java:430)
	at javafx.graphics@22/com.sun.javafx.tk.quantum.QuantumToolkit.pulse(QuantumToolkit.java:598)
	at javafx.graphics@22/com.sun.javafx.tk.quantum.QuantumToolkit.pulse(QuantumToolkit.java:578)
	at javafx.graphics@22/com.sun.javafx.tk.quantum.QuantumToolkit.pulseFromQueue(QuantumToolkit.java:571)
	at javafx.graphics@22/com.sun.javafx.tk.quantum.QuantumToolkit.lambda$runToolkit$11(QuantumToolkit.java:352)
	at javafx.graphics@22/com.sun.glass.ui.InvokeLaterDispatcher$Future.run(InvokeLaterDispatcher.java:95)
	at javafx.graphics@22/com.sun.glass.ui.win.WinApplication._runLoop(Native Method)
	at javafx.graphics@22/com.sun.glass.ui.win.WinApplication.lambda$runLoop$3(WinApplication.java:184)
	at java.base/java.lang.Thread.run(Thread.java:833)